빌드 시작: 2016-12-15 오후 6:32:46
     1>2 노드의 "C:\Users\MSL\Desktop\c_opencv_1\c_opencv_1\c_opencv_1.vcxproj" 프로젝트(Build 대상)입니다.
     1>ClCompile:
         C:\Program Files (x86)\Microsoft Visual Studio 14.0\VC\bin\x86_amd64\CL.exe /c /IC:\opencv\build\include\opencv2\core /IC:\opencv\build\include\opencv2 /IC:\opencv\build\include\opencv /IC:\opencv\build\include /Zi /nologo /W3 /WX- /sdl /O2 /Oi /GL /D NDEBUG /D _WINDOWS /D _CRT_SECURE_NO_WARNINGS /D _UNICODE /D UNICODE /Gm- /EHsc /MT /GS /Gy /fp:precise /Zc:wchar_t /Zc:forScope /Zc:inline /Yc"stdafx.h" /Fp"x64\Release\c_opencv_1.pch" /Fo"x64\Release\\" /Fd"x64\Release\vc140.pdb" /Gd /TP /errorReport:prompt stdafx.cpp
         stdafx.cpp
         C:\Program Files (x86)\Microsoft Visual Studio 14.0\VC\bin\x86_amd64\CL.exe /c /IC:\opencv\build\include\opencv2\core /IC:\opencv\build\include\opencv2 /IC:\opencv\build\include\opencv /IC:\opencv\build\include /Zi /nologo /W3 /WX- /sdl /O2 /Oi /GL /D NDEBUG /D _WINDOWS /D _CRT_SECURE_NO_WARNINGS /D _UNICODE /D UNICODE /Gm- /EHsc /MT /GS /Gy /fp:precise /Zc:wchar_t /Zc:forScope /Zc:inline /Yu"stdafx.h" /Fp"x64\Release\c_opencv_1.pch" /Fo"x64\Release\\" /Fd"x64\Release\vc140.pdb" /Gd /TP /errorReport:prompt BlobLabeling.cpp main.cpp
         BlobLabeling.cpp
     1>c:\opencv\build\include\opencv2\flann\dist.h : warning C4819: 현재 코드 페이지(949)에서 표시할 수 없는 문자가 파일에 들어 있습니다. 데이터가 손실되지 않게 하려면 해당 파일을 유니코드 형식으로 저장하십시오.
         main.cpp
     1>main.cpp(1): warning C4627: '#include <opencv2/core/core.hpp>': 미리 컴파일된 헤더 사용을 찾을 때 건너뛰었습니다.
         main.cpp(1): note: 'stdafx.h'에 지시문 추가 또는 미리 컴파일된 헤더 다시 빌드
     1>main.cpp(2): warning C4627: '#include <opencv2/highgui/highgui.hpp>': 미리 컴파일된 헤더 사용을 찾을 때 건너뛰었습니다.
         main.cpp(2): note: 'stdafx.h'에 지시문 추가 또는 미리 컴파일된 헤더 다시 빌드
     1>main.cpp(3): warning C4627: '#include <opencv2/imgproc/imgproc.hpp>': 미리 컴파일된 헤더 사용을 찾을 때 건너뛰었습니다.
         main.cpp(3): note: 'stdafx.h'에 지시문 추가 또는 미리 컴파일된 헤더 다시 빌드
     1>main.cpp(4): warning C4627: '#include <opencv/cv.h>': 미리 컴파일된 헤더 사용을 찾을 때 건너뛰었습니다.
         main.cpp(4): note: 'stdafx.h'에 지시문 추가 또는 미리 컴파일된 헤더 다시 빌드
     1>main.cpp(5): warning C4627: '#include <iostream>': 미리 컴파일된 헤더 사용을 찾을 때 건너뛰었습니다.
         main.cpp(5): note: 'stdafx.h'에 지시문 추가 또는 미리 컴파일된 헤더 다시 빌드
     1>c:\opencv\build\include\opencv2\flann\dist.h : warning C4819: 현재 코드 페이지(949)에서 표시할 수 없는 문자가 파일에 들어 있습니다. 데이터가 손실되지 않게 하려면 해당 파일을 유니코드 형식으로 저장하십시오.
     1>main.cpp(23): warning C4091: 'typedef ': 변수를 선언하지 않으면 '_WhitePoints' 왼쪽은 무시됩니다.
     1>main.cpp(66): warning C4101: 'font' :참조되지 않은 지역 변수입니다.
     1>main.cpp(65): warning C4101: 's_output_result' :참조되지 않은 지역 변수입니다.
       Link:
         C:\Program Files (x86)\Microsoft Visual Studio 14.0\VC\bin\x86_amd64\link.exe /ERRORREPORT:PROMPT /OUT:"C:\Users\MSL\Desktop\c_opencv_1\x64\Release\c_opencv_1.exe" /INCREMENTAL:NO /NOLOGO /LIBPATH:C:\opencv\build\x86\vc10\lib opencv_calib3d2410.lib opencv_contrib2410.lib opencv_core2410.lib opencv_features2d2410.lib opencv_flann2410.lib opencv_gpu2410.lib opencv_highgui2410.lib opencv_imgproc2410.lib opencv_legacy2410.lib opencv_ml2410.lib opencv_nonfree2410.lib opencv_objdetect2410.lib opencv_ocl2410.lib opencv_photo2410.lib opencv_stitching2410.lib opencv_superres2410.lib opencv_ts2410.lib opencv_video2410.lib opencv_videostab2410.lib /MANIFEST /MANIFESTUAC:"level='asInvoker' uiAccess='false'" /manifest:embed /manifestinput:"C:\Program Files (x86)\Microsoft Visual Studio 14.0\VC\Include\Manifest\dpiaware.manifest" /Debug /PDB:"C:\Users\MSL\Desktop\c_opencv_1\x64\Release\c_opencv_1.pdb" /SUBSYSTEM:WINDOWS /OPT:REF /OPT:ICF /LTCG:incremental /TLBID:1 /ENTRY:"wWinMainCRTStartup" /DYNAMICBASE /NXCOMPAT /IMPLIB:"C:\Users\MSL\Desktop\c_opencv_1\x64\Release\c_opencv_1.lib" /MACHINE:X64 x64\Release\BlobLabeling.obj
         x64\Release\main.obj
         x64\Release\stdafx.obj
     1>opencv_highgui2410.lib(opencv_highgui2410.dll) : fatal error LNK1112: 'X86' 모듈 컴퓨터 종류가 'x64' 대상 컴퓨터 종류와 충돌합니다.
     1>"C:\Users\MSL\Desktop\c_opencv_1\c_opencv_1\c_opencv_1.vcxproj" 프로젝트를 빌드했습니다(Build 대상). - 실패

빌드하지 못했습니다.

경과 시간: 00:00:02.78
